Build started 16/02/2013 08:39:43.
__________________________________________________
Project "D:\WiX\Templates v3.6\BalExtensionExt\Examples\Template baextca\baextca.vcxproj" (Rebuild target(s)):

Target CoreClean:
    Creating directory "Release\".
Target PrepareForBuild:
    Creating directory "D:\WiX\Templates v3.6\BalExtensionExt\Examples\Template baextca\build\".
Target InitializeBuildStatus:
    Creating "Release\baextca.unsuccessfulbuild" because "AlwaysCreate" was specified.
Target ClCompile:
    C:\Program Files (x86)\Microsoft Visual Studio 10.0\VC\bin\CL.exe /c /I"C:\Program Files (x86)\WiX Toolset v3.7\SDK\VS2010\inc" /Zi /nologo /W4 /WX /Od /Oy- /D WIN32 /D NDEBUG /D _CONSOLE /D _WINDLL /D _MBCS /Gm /EHsc /RTC1 /MT /GS /fp:precise /Zc:wchar_t /Zc:forScope /Yc"precomp.h" /Fp"Release\baextca.pch" /Fo"Release\\" /Fd"Release\baextca.pdb" /Gz /TP /analyze- /errorReport:queue baextca.cpp
    baextca.cpp
    C:\Program Files (x86)\Microsoft Visual Studio 10.0\VC\bin\CL.exe /c /I"C:\Program Files (x86)\WiX Toolset v3.7\SDK\VS2010\inc" /Zi /nologo /W4 /WX /Od /Oy- /D WIN32 /D NDEBUG /D _CONSOLE /D _WINDLL /D _MBCS /Gm /EHsc /RTC1 /MT /GS /fp:precise /Zc:wchar_t /Zc:forScope /Yu"precomp.h" /Fp"Release\baextca.pch" /Fo"Release\\" /Fd"Release\baextca.pdb" /Gz /TP /analyze- /errorReport:queue WixBootstrapperCustomAction.cpp
    WixBootstrapperCustomAction.cpp
Target ResourceCompile:
    C:\Program Files (x86)\Microsoft SDKs\Windows\v7.0A\bin\rc.exe /l"0x0409" /nologo /fo"Release\baextca.res" baextca.rc 
Target Link:
    C:\Program Files (x86)\Microsoft Visual Studio 10.0\VC\bin\link.exe /ERRORREPORT:QUEUE /OUT:"D:\WiX\Templates v3.6\BalExtensionExt\Examples\Template baextca\build\baextca.dll" /NOLOGO /LIBPATH:"C:\Program Files (x86)\WiX Toolset v3.7\SDK\VS2010\lib\x86" dutil.lib balutil.lib comctl32.lib gdiplus.lib shlwapi.lib wininet.lib version.lib kernel32.lib user32.lib gdi32.lib winspool.lib comdlg32.lib advapi32.lib shell32.lib ole32.lib oleaut32.lib uuid.lib odbc32.lib odbccp32.lib /DEF:"baextca.def" /MANIFEST /ManifestFile:"Release\baextca.dll.intermediate.manifest" /MANIFESTUAC:"level='asInvoker' uiAccess='false'" /PDB:"D:\WiX\Templates v3.6\BalExtensionExt\Examples\Template baextca\build\baextca.pdb" /SUBSYSTEM:WINDOWS /TLBID:1 /DYNAMICBASE /NXCOMPAT /IMPLIB:"D:\WiX\Templates v3.6\BalExtensionExt\Examples\Template baextca\build\baextca.lib" /MACHINE:X86 /DLL Release\baextca.res
    Release\WixBootstrapperCustomAction.obj
    Release\baextca.obj
       Creating library D:\WiX\Templates v3.6\BalExtensionExt\Examples\Template baextca\build\baextca.lib and object D:\WiX\Templates v3.6\BalExtensionExt\Examples\Template baextca\build\baextca.exp
    baextca.vcxproj -> D:\WiX\Templates v3.6\BalExtensionExt\Examples\Template baextca\build\baextca.dll
Target Manifest:
    C:\Program Files (x86)\Microsoft SDKs\Windows\v7.0A\bin\mt.exe /nologo /verbose /outputresource:"D:\WiX\Templates v3.6\BalExtensionExt\Examples\Template baextca\build\baextca.dll;#2" /manifest Release\baextca.dll.intermediate.manifest
Target FinalizeBuildStatus:
    Deleting file "Release\baextca.unsuccessfulbuild".
    Touching "Release\baextca.lastbuildstate".

Build succeeded.
    0 Warning(s)
    0 Error(s)

Time Elapsed 00:00:03.91
